<?xml version='1.0' encoding='UTF-8'?>
<testsuite hostname="Kostass-MBP" name="todo.TodoSuite" tests="14" errors="0" failures="14" skipped="0" time="0.072" timestamp="2022-03-13T16:23:29">
          <properties>
      <property name="java.specification.version" value="17"/><property name="sun.jnu.encoding" value="UTF-8"/><property name="sun.arch.data.model" value="64"/><property name="java.vendor.url" value="https://java.oracle.com/"/><property name="sun.boot.library.path" value="/Library/Java/JavaVirtualMachines/jdk-17.0.2.jdk/Contents/Home/lib"/><property name="sun.java.command" value="/Users/kostas/Library/Caches/Coursier/arc/https/github.com/sbt/sbt/releases/download/v1.6.2/sbt-1.6.2.zip/sbt/bin/sbt-launch.jar test"/><property name="jdk.debug" value="release"/><property name="sun.stderr.encoding" value="UTF-8"/><property name="java.specification.vendor" value="Oracle Corporation"/><property name="java.version.date" value="2022-01-18"/><property name="java.home" value="/Library/Java/JavaVirtualMachines/jdk-17.0.2.jdk/Contents/Home"/><property name="file.separator" value="/"/><property name="java.vm.compressedOopsMode" value="Zero based"/><property name="line.separator" value="
"/><property name="sun.stdout.encoding" value="UTF-8"/><property name="java.vm.specification.vendor" value="Oracle Corporation"/><property name="java.specification.name" value="Java Platform API Specification"/><property name="sun.management.compiler" value="HotSpot 64-Bit Tiered Compilers"/><property name="java.runtime.version" value="17.0.2+8-LTS-86"/><property name="user.name" value="kostas"/><property name="log4j.ignoreTCL" value="true"/><property name="file.encoding" value="UTF-8"/><property name="java.io.tmpdir" value="/var/folders/3k/zp1jhn5x4t7cx84fblxgbdvc0000gn/T/"/><property name="java.version" value="17.0.2"/><property name="java.vm.specification.name" value="Java Virtual Machine Specification"/><property name="native.encoding" value="UTF-8"/><property name="java.library.path" value="/Users/kostas/Library/Java/Extensions:/Library/Java/Extensions:/Network/Library/Java/Extensions:/System/Library/Java/Extensions:/usr/lib/java:."/><property name="java.vendor" value="Oracle Corporation"/><property name="scala.ext.dirs" value="/Users/kostas/.sbt/1.0/java9-rt-ext-oracle_corporation_17_0_2"/><property name="sun.io.unicode.encoding" value="UnicodeBig"/><property name="socksNonProxyHosts" value="local|*.local|169.254/16|*.169.254/16"/><property name="java.class.path" value="/Users/kostas/Library/Caches/Coursier/arc/https/github.com/sbt/sbt/releases/download/v1.6.2/sbt-1.6.2.zip/sbt/bin/sbt-launch.jar"/><property name="java.vm.vendor" value="Oracle Corporation"/><property name="jline.shutdownhook" value="false"/><property name="user.timezone" value="Europe/London"/><property name="java.vm.specification.version" value="17"/><property name="os.name" value="Mac OS X"/><property name="sun.java.launcher" value="SUN_STANDARD"/><property name="user.country" value="GB"/><property name="http.nonProxyHosts" value="local|*.local|169.254/16|*.169.254/16"/><property name="sun.cpu.endian" value="little"/><property name="user.home" value="/Users/kostas"/><property name="user.language" value="en"/><property name="sbt.script" value="/Users/kostas/Library/Caches/Coursier/arc/https/github.com/sbt/sbt/releases/download/v1.6.2/sbt-1.6.2.zip/sbt/bin/sbt"/><property name="swoval.tmpdir" value="/Users/kostas/.sbt/1.0"/><property name="jline.esc.timeout" value="0"/><property name="ftp.nonProxyHosts" value="local|*.local|169.254/16|*.169.254/16"/><property name="path.separator" value=":"/><property name="os.version" value="12.2.1"/><property name="jna.nosys" value="true"/><property name="java.runtime.name" value="Java(TM) SE Runtime Environment"/><property name="java.vm.name" value="Java HotSpot(TM) 64-Bit Server VM"/><property name="java.vendor.url.bug" value="https://bugreport.java.com/bugreport/"/><property name="user.dir" value="/Users/kostas/Library/CloudStorage/OneDrive-Personal/Scala/todo"/><property name="os.arch" value="aarch64"/><property name="java.vm.info" value="mixed mode, sharing"/><property name="java.vm.version" value="17.0.2+8-LTS-86"/><property name="java.class.version" value="61.0"/>
    </properties>
          <testcase classname="todo.TodoSuite" name="Created tasks can be read" time="0.047">
                      <failure message="munit.FailException: /Users/kostas/Library/CloudStorage/OneDrive-Personal/Scala/todo/src/test/scala/todo/TodoSuite.scala:69 Using InMemoryModel: We expected the task Task(Active,An active task,Some(The notes),List(Tag(a), Tag(b))) but we received None instead.
68:      val id1 = model.create(task1)
[7m69:      assertTask(name, model.read(id1), task1)[0m
70:" type="sbt.ForkMain$ForkError">sbt.ForkMain$ForkError: munit.FailException: /Users/kostas/Library/CloudStorage/OneDrive-Personal/Scala/todo/src/test/scala/todo/TodoSuite.scala:69 Using InMemoryModel: We expected the task Task(Active,An active task,Some(The notes),List(Tag(a), Tag(b))) but we received None instead.
68:      val id1 = model.create(task1)
[7m69:      assertTask(name, model.read(id1), task1)[0m
70:
	at munit.Assertions.fail(Assertions.scala:261)
	at munit.Assertions.fail$(Assertions.scala:15)
	at munit.FunSuite.fail(FunSuite.scala:11)
	at todo.TodoSuite.assertTask(TodoSuite.scala:40)
	at todo.TodoSuite.allTests$$anonfun$1(TodoSuite.scala:18)
	at munit.FunFixtures.munit$FunFixtures$FunFixture$$_$test$$anonfun$2$$anonfun$2$$anonfun$2(FunFixtures.scala:34)
</failure>
                    </testcase><testcase classname="todo.TodoSuite" name="Updated tasks can be read" time="0.001">
                      <failure message="munit.FailException: /Users/kostas/Library/CloudStorage/OneDrive-Personal/Scala/todo/src/test/scala/todo/TodoSuite.scala:80 Using InMemoryModel: We expected the task Task(Completed(2022-03-13T16:23:29.107247Z[Europe/London]),An inactive task,None,List(Tag(c))) but we received None instead.
79:
[7m80:      assertTask(name, returned, task2)[0m
81:      assertTask(name, read, task2)" type="sbt.ForkMain$ForkError">sbt.ForkMain$ForkError: munit.FailException: /Users/kostas/Library/CloudStorage/OneDrive-Personal/Scala/todo/src/test/scala/todo/TodoSuite.scala:80 Using InMemoryModel: We expected the task Task(Completed(2022-03-13T16:23:29.107247Z[Europe/London]),An inactive task,None,List(Tag(c))) but we received None instead.
79:
[7m80:      assertTask(name, returned, task2)[0m
81:      assertTask(name, read, task2)
	at munit.Assertions.fail(Assertions.scala:261)
	at munit.Assertions.fail$(Assertions.scala:15)
	at munit.FunSuite.fail(FunSuite.scala:11)
	at todo.TodoSuite.assertTask(TodoSuite.scala:40)
	at todo.TodoSuite.allTests$$anonfun$2(TodoSuite.scala:18)
	at munit.FunFixtures.munit$FunFixtures$FunFixture$$_$test$$anonfun$2$$anonfun$2$$anonfun$2(FunFixtures.scala:34)
</failure>
                    </testcase><testcase classname="todo.TodoSuite" name="Deleted tasks are no longer read" time="0.001">
                      <failure message="munit.FailException: /Users/kostas/Library/CloudStorage/OneDrive-Personal/Scala/todo/src/test/scala/todo/TodoSuite.scala:88 Using InMemoryModel: We expected deleting Id(5) to return true
87:
[7m88:      assert(model.delete(id1), s&quot;Using $name: We expected deleting $id1 to return true&quot;)[0m
89:" type="sbt.ForkMain$ForkError">sbt.ForkMain$ForkError: munit.FailException: /Users/kostas/Library/CloudStorage/OneDrive-Personal/Scala/todo/src/test/scala/todo/TodoSuite.scala:88 Using InMemoryModel: We expected deleting Id(5) to return true
87:
[7m88:      assert(model.delete(id1), s&quot;Using $name: We expected deleting $id1 to return true&quot;)[0m
89:
	at munit.FunSuite.assert(FunSuite.scala:11)
	at todo.TodoSuite.allTests$$anonfun$3(TodoSuite.scala:18)
	at munit.FunFixtures.munit$FunFixtures$FunFixture$$_$test$$anonfun$2$$anonfun$2$$anonfun$2(FunFixtures.scala:34)
</failure>
                    </testcase><testcase classname="todo.TodoSuite" name="Tasks returns all inserted tasks in insertion order" time="0.019">
                      <failure message="munit.ComparisonFailException: /Users/kostas/Library/CloudStorage/OneDrive-Personal/Scala/todo/src/test/scala/todo/TodoSuite.scala:104
103:                   List((id1 -&gt; task1)),
[7m104:                   s&quot;Using $name: The list of tasks is different to the tasks that were created&quot;)[0m
105:
Using InMemoryModel: The list of tasks is different to the tasks that were created
[1m=&gt; Obtained[0m
Nil
[1m=&gt; Diff[0m ([91m- obtained[0m, [92m+ expected[0m)
[91m-Nil[0m
[92m+List([0m
[92m+  Tuple2([0m
[92m+    _1 = Id([0m
[92m+      toInt = 7[0m
[92m+    ),[0m
[92m+    _2 = Task([0m
[92m+      state = Active(),[0m
[92m+      description = &quot;An active task&quot;,[0m
[92m+      notes = Some([0m
[92m+        value = &quot;The notes&quot;[0m
[92m+      ),[0m
[92m+      tags = List([0m
[92m+        Tag([0m
[92m+          tag = &quot;a&quot;[0m
[92m+        ),[0m
[92m+        Tag([0m
[92m+          tag = &quot;b&quot;[0m
[92m+        )[0m
[92m+      )[0m
[92m+    )[0m
[92m+  )[0m
[92m+)[0m" type="sbt.ForkMain$ForkError">sbt.ForkMain$ForkError: munit.ComparisonFailException: /Users/kostas/Library/CloudStorage/OneDrive-Personal/Scala/todo/src/test/scala/todo/TodoSuite.scala:104
103:                   List((id1 -&gt; task1)),
[7m104:                   s&quot;Using $name: The list of tasks is different to the tasks that were created&quot;)[0m
105:
Using InMemoryModel: The list of tasks is different to the tasks that were created
[1m=&gt; Obtained[0m
Nil
[1m=&gt; Diff[0m ([91m- obtained[0m, [92m+ expected[0m)
[91m-Nil[0m
[92m+List([0m
[92m+  Tuple2([0m
[92m+    _1 = Id([0m
[92m+      toInt = 7[0m
[92m+    ),[0m
[92m+    _2 = Task([0m
[92m+      state = Active(),[0m
[92m+      description = &quot;An active task&quot;,[0m
[92m+      notes = Some([0m
[92m+        value = &quot;The notes&quot;[0m
[92m+      ),[0m
[92m+      tags = List([0m
[92m+        Tag([0m
[92m+          tag = &quot;a&quot;[0m
[92m+        ),[0m
[92m+        Tag([0m
[92m+          tag = &quot;b&quot;[0m
[92m+        )[0m
[92m+      )[0m
[92m+    )[0m
[92m+  )[0m
[92m+)[0m
	at munit.FunSuite.assertEquals(FunSuite.scala:11)
	at todo.TodoSuite.allTests$$anonfun$4(TodoSuite.scala:104)
	at munit.FunFixtures.munit$FunFixtures$FunFixture$$_$test$$anonfun$2$$anonfun$2$$anonfun$2(FunFixtures.scala:34)
</failure>
                    </testcase><testcase classname="todo.TodoSuite" name="Tasks(tag) returns only tasks with given tag" time="0.001">
                      <failure message="munit.ComparisonFailException: /Users/kostas/Library/CloudStorage/OneDrive-Personal/Scala/todo/src/test/scala/todo/TodoSuite.scala:119
118:
[7m119:      assertEquals(model.tasks(Tag(&quot;a&quot;)).toList, List(id1 -&gt; task1, id3 -&gt; task3))[0m
120:      assertEquals(model.tasks(Tag(&quot;b&quot;)).toList, List(id1 -&gt; task1))
values are not the same
[1m=&gt; Obtained[0m
Nil
[1m=&gt; Diff[0m ([91m- obtained[0m, [92m+ expected[0m)
[91m-Nil[0m
[92m+List([0m
[92m+  Tuple2([0m
[92m+    _1 = Id([0m
[92m+      toInt = 8[0m
[92m+    ),[0m
[92m+    _2 = Task([0m
[92m+      state = Active(),[0m
[92m+      description = &quot;An active task&quot;,[0m
[92m+      notes = Some([0m
[92m+        value = &quot;The notes&quot;[0m
[92m+      ),[0m
[92m+      tags = List([0m
[92m+        Tag([0m
[92m+          tag = &quot;a&quot;[0m
[92m+        ),[0m
[92m+        Tag([0m
[92m+          tag = &quot;b&quot;[0m
[92m+        )[0m
[92m+      )[0m
[92m+    )[0m
[92m+  ),[0m
[92m+  Tuple2([0m
[92m+    _1 = Id([0m
[92m+      toInt = 10[0m
[92m+    ),[0m
[92m+    _2 = Task([0m
[92m+      state = Active(),[0m
[92m+      description = &quot;Another active task&quot;,[0m
[92m+      notes = None,[0m
[92m+      tags = List([0m
[92m+        Tag([0m
[92m+          tag = &quot;a&quot;[0m
[92m+        ),[0m
[92m+        Tag([0m
[92m+          tag = &quot;c&quot;[0m
[92m+        )[0m
[92m+      )[0m
[92m+    )[0m
[92m+  )[0m
[92m+)[0m" type="sbt.ForkMain$ForkError">sbt.ForkMain$ForkError: munit.ComparisonFailException: /Users/kostas/Library/CloudStorage/OneDrive-Personal/Scala/todo/src/test/scala/todo/TodoSuite.scala:119
118:
[7m119:      assertEquals(model.tasks(Tag(&quot;a&quot;)).toList, List(id1 -&gt; task1, id3 -&gt; task3))[0m
120:      assertEquals(model.tasks(Tag(&quot;b&quot;)).toList, List(id1 -&gt; task1))
values are not the same
[1m=&gt; Obtained[0m
Nil
[1m=&gt; Diff[0m ([91m- obtained[0m, [92m+ expected[0m)
[91m-Nil[0m
[92m+List([0m
[92m+  Tuple2([0m
[92m+    _1 = Id([0m
[92m+      toInt = 8[0m
[92m+    ),[0m
[92m+    _2 = Task([0m
[92m+      state = Active(),[0m
[92m+      description = &quot;An active task&quot;,[0m
[92m+      notes = Some([0m
[92m+        value = &quot;The notes&quot;[0m
[92m+      ),[0m
[92m+      tags = List([0m
[92m+        Tag([0m
[92m+          tag = &quot;a&quot;[0m
[92m+        ),[0m
[92m+        Tag([0m
[92m+          tag = &quot;b&quot;[0m
[92m+        )[0m
[92m+      )[0m
[92m+    )[0m
[92m+  ),[0m
[92m+  Tuple2([0m
[92m+    _1 = Id([0m
[92m+      toInt = 10[0m
[92m+    ),[0m
[92m+    _2 = Task([0m
[92m+      state = Active(),[0m
[92m+      description = &quot;Another active task&quot;,[0m
[92m+      notes = None,[0m
[92m+      tags = List([0m
[92m+        Tag([0m
[92m+          tag = &quot;a&quot;[0m
[92m+        ),[0m
[92m+        Tag([0m
[92m+          tag = &quot;c&quot;[0m
[92m+        )[0m
[92m+      )[0m
[92m+    )[0m
[92m+  )[0m
[92m+)[0m
	at munit.FunSuite.assertEquals(FunSuite.scala:11)
	at todo.TodoSuite.allTests$$anonfun$5(TodoSuite.scala:119)
	at munit.FunFixtures.munit$FunFixtures$FunFixture$$_$test$$anonfun$2$$anonfun$2$$anonfun$2(FunFixtures.scala:34)
</failure>
                    </testcase><testcase classname="todo.TodoSuite" name="complete changes state to completed, if task is not already completed" time="0.0">
                      <failure message="munit.FailException: /Users/kostas/Library/CloudStorage/OneDrive-Personal/Scala/todo/src/test/scala/todo/TodoSuite.scala:128 Using InMemoryModel: We expected a task but we received None instead.
127:
[7m128:      assertTaskActive(name, model.read(id1))[0m
129:      assertTaskCompleted(name, model.read(id2))" type="sbt.ForkMain$ForkError">sbt.ForkMain$ForkError: munit.FailException: /Users/kostas/Library/CloudStorage/OneDrive-Personal/Scala/todo/src/test/scala/todo/TodoSuite.scala:128 Using InMemoryModel: We expected a task but we received None instead.
127:
[7m128:      assertTaskActive(name, model.read(id1))[0m
129:      assertTaskCompleted(name, model.read(id2))
	at munit.Assertions.fail(Assertions.scala:261)
	at munit.Assertions.fail$(Assertions.scala:15)
	at munit.FunSuite.fail(FunSuite.scala:11)
	at todo.TodoSuite.assertTaskActive(TodoSuite.scala:50)
	at todo.TodoSuite.allTests$$anonfun$6(TodoSuite.scala:18)
	at munit.FunFixtures.munit$FunFixtures$FunFixture$$_$test$$anonfun$2$$anonfun$2$$anonfun$2(FunFixtures.scala:34)
</failure>
                    </testcase><testcase classname="todo.TodoSuite" name="tags returns all tags" time="0.001">
                      <failure message="munit.ComparisonFailException: /Users/kostas/Library/CloudStorage/OneDrive-Personal/Scala/todo/src/test/scala/todo/TodoSuite.scala:139
138:      val id1 = model.create(task1)
[7m139:      assertEquals(model.tags.toList, List(Tag(&quot;a&quot;), Tag(&quot;b&quot;)), s&quot;Using $name&quot;)[0m
140:
Using InMemoryModel
[1m=&gt; Obtained[0m
Nil
[1m=&gt; Diff[0m ([91m- obtained[0m, [92m+ expected[0m)
[91m-Nil[0m
[92m+List([0m
[92m+  Tag([0m
[92m+    tag = &quot;a&quot;[0m
[92m+  ),[0m
[92m+  Tag([0m
[92m+    tag = &quot;b&quot;[0m
[92m+  )[0m
[92m+)[0m" type="sbt.ForkMain$ForkError">sbt.ForkMain$ForkError: munit.ComparisonFailException: /Users/kostas/Library/CloudStorage/OneDrive-Personal/Scala/todo/src/test/scala/todo/TodoSuite.scala:139
138:      val id1 = model.create(task1)
[7m139:      assertEquals(model.tags.toList, List(Tag(&quot;a&quot;), Tag(&quot;b&quot;)), s&quot;Using $name&quot;)[0m
140:
Using InMemoryModel
[1m=&gt; Obtained[0m
Nil
[1m=&gt; Diff[0m ([91m- obtained[0m, [92m+ expected[0m)
[91m-Nil[0m
[92m+List([0m
[92m+  Tag([0m
[92m+    tag = &quot;a&quot;[0m
[92m+  ),[0m
[92m+  Tag([0m
[92m+    tag = &quot;b&quot;[0m
[92m+  )[0m
[92m+)[0m
	at munit.FunSuite.assertEquals(FunSuite.scala:11)
	at todo.TodoSuite.allTests$$anonfun$7(TodoSuite.scala:139)
	at munit.FunFixtures.munit$FunFixtures$FunFixture$$_$test$$anonfun$2$$anonfun$2$$anonfun$2(FunFixtures.scala:34)
</failure>
                    </testcase><testcase classname="todo.TodoSuite" name="Created tasks can be read-1" time="0.0">
                      <failure message="scala.NotImplementedError: an implementation is missing" type="sbt.ForkMain$ForkError">sbt.ForkMain$ForkError: scala.NotImplementedError: an implementation is missing
	at scala.Predef$.$qmark$qmark$qmark(Predef.scala:345)
	at todo.PersistentModel$.clear(PersistentModel.scala:123)
	at todo.TodoSuite.makeModelFixture$$anonfun$1(TodoSuite.scala:22)
	at munit.FunFixtures.apply$$anonfun$3$$anonfun$1(FunFixtures.scala:60)
	at scala.concurrent.Future$.$anonfun$apply$1(Future.scala:672)
	at scala.concurrent.impl.Promise$Transformation.run(Promise.scala:431)
	at munit.Suite$$anon$1.execute(Suite.scala:26)
	at scala.concurrent.impl.Promise$Transformation.submitWithValue(Promise.scala:393)
	at scala.concurrent.impl.Promise$DefaultPromise.submitWithValue(Promise.scala:302)
	at scala.concurrent.impl.Promise$DefaultPromise.dispatchOrAddCallbacks(Promise.scala:276)
	at scala.concurrent.impl.Promise$DefaultPromise.map(Promise.scala:146)
	at scala.concurrent.Future$.apply(Future.scala:672)
	at munit.FunFixtures.munit$FunFixtures$FunFixture$$$_$apply$$anonfun$1(FunFixtures.scala:60)
	at munit.FunFixtures$FunFixture.test$$anonfun$1(FunFixtures.scala:33)
</failure>
                    </testcase><testcase classname="todo.TodoSuite" name="Updated tasks can be read-1" time="0.0">
                      <failure message="scala.NotImplementedError: an implementation is missing" type="sbt.ForkMain$ForkError">sbt.ForkMain$ForkError: scala.NotImplementedError: an implementation is missing
	at scala.Predef$.$qmark$qmark$qmark(Predef.scala:345)
	at todo.PersistentModel$.clear(PersistentModel.scala:123)
	at todo.TodoSuite.makeModelFixture$$anonfun$1(TodoSuite.scala:22)
	at munit.FunFixtures.apply$$anonfun$3$$anonfun$1(FunFixtures.scala:60)
	at scala.concurrent.Future$.$anonfun$apply$1(Future.scala:672)
	at scala.concurrent.impl.Promise$Transformation.run(Promise.scala:431)
	at munit.Suite$$anon$1.execute(Suite.scala:26)
	at scala.concurrent.impl.Promise$Transformation.submitWithValue(Promise.scala:393)
	at scala.concurrent.impl.Promise$DefaultPromise.submitWithValue(Promise.scala:302)
	at scala.concurrent.impl.Promise$DefaultPromise.dispatchOrAddCallbacks(Promise.scala:276)
	at scala.concurrent.impl.Promise$DefaultPromise.map(Promise.scala:146)
	at scala.concurrent.Future$.apply(Future.scala:672)
	at munit.FunFixtures.munit$FunFixtures$FunFixture$$$_$apply$$anonfun$1(FunFixtures.scala:60)
	at munit.FunFixtures$FunFixture.test$$anonfun$1(FunFixtures.scala:33)
</failure>
                    </testcase><testcase classname="todo.TodoSuite" name="Deleted tasks are no longer read-1" time="0.001">
                      <failure message="scala.NotImplementedError: an implementation is missing" type="sbt.ForkMain$ForkError">sbt.ForkMain$ForkError: scala.NotImplementedError: an implementation is missing
	at scala.Predef$.$qmark$qmark$qmark(Predef.scala:345)
	at todo.PersistentModel$.clear(PersistentModel.scala:123)
	at todo.TodoSuite.makeModelFixture$$anonfun$1(TodoSuite.scala:22)
	at munit.FunFixtures.apply$$anonfun$3$$anonfun$1(FunFixtures.scala:60)
	at scala.concurrent.Future$.$anonfun$apply$1(Future.scala:672)
	at scala.concurrent.impl.Promise$Transformation.run(Promise.scala:431)
	at munit.Suite$$anon$1.execute(Suite.scala:26)
	at scala.concurrent.impl.Promise$Transformation.submitWithValue(Promise.scala:393)
	at scala.concurrent.impl.Promise$DefaultPromise.submitWithValue(Promise.scala:302)
	at scala.concurrent.impl.Promise$DefaultPromise.dispatchOrAddCallbacks(Promise.scala:276)
	at scala.concurrent.impl.Promise$DefaultPromise.map(Promise.scala:146)
	at scala.concurrent.Future$.apply(Future.scala:672)
	at munit.FunFixtures.munit$FunFixtures$FunFixture$$$_$apply$$anonfun$1(FunFixtures.scala:60)
	at munit.FunFixtures$FunFixture.test$$anonfun$1(FunFixtures.scala:33)
</failure>
                    </testcase><testcase classname="todo.TodoSuite" name="Tasks returns all inserted tasks in insertion order-1" time="0.0">
                      <failure message="scala.NotImplementedError: an implementation is missing" type="sbt.ForkMain$ForkError">sbt.ForkMain$ForkError: scala.NotImplementedError: an implementation is missing
	at scala.Predef$.$qmark$qmark$qmark(Predef.scala:345)
	at todo.PersistentModel$.clear(PersistentModel.scala:123)
	at todo.TodoSuite.makeModelFixture$$anonfun$1(TodoSuite.scala:22)
	at munit.FunFixtures.apply$$anonfun$3$$anonfun$1(FunFixtures.scala:60)
	at scala.concurrent.Future$.$anonfun$apply$1(Future.scala:672)
	at scala.concurrent.impl.Promise$Transformation.run(Promise.scala:431)
	at munit.Suite$$anon$1.execute(Suite.scala:26)
	at scala.concurrent.impl.Promise$Transformation.submitWithValue(Promise.scala:393)
	at scala.concurrent.impl.Promise$DefaultPromise.submitWithValue(Promise.scala:302)
	at scala.concurrent.impl.Promise$DefaultPromise.dispatchOrAddCallbacks(Promise.scala:276)
	at scala.concurrent.impl.Promise$DefaultPromise.map(Promise.scala:146)
	at scala.concurrent.Future$.apply(Future.scala:672)
	at munit.FunFixtures.munit$FunFixtures$FunFixture$$$_$apply$$anonfun$1(FunFixtures.scala:60)
	at munit.FunFixtures$FunFixture.test$$anonfun$1(FunFixtures.scala:33)
</failure>
                    </testcase><testcase classname="todo.TodoSuite" name="Tasks(tag) returns only tasks with given tag-1" time="0.0">
                      <failure message="scala.NotImplementedError: an implementation is missing" type="sbt.ForkMain$ForkError">sbt.ForkMain$ForkError: scala.NotImplementedError: an implementation is missing
	at scala.Predef$.$qmark$qmark$qmark(Predef.scala:345)
	at todo.PersistentModel$.clear(PersistentModel.scala:123)
	at todo.TodoSuite.makeModelFixture$$anonfun$1(TodoSuite.scala:22)
	at munit.FunFixtures.apply$$anonfun$3$$anonfun$1(FunFixtures.scala:60)
	at scala.concurrent.Future$.$anonfun$apply$1(Future.scala:672)
	at scala.concurrent.impl.Promise$Transformation.run(Promise.scala:431)
	at munit.Suite$$anon$1.execute(Suite.scala:26)
	at scala.concurrent.impl.Promise$Transformation.submitWithValue(Promise.scala:393)
	at scala.concurrent.impl.Promise$DefaultPromise.submitWithValue(Promise.scala:302)
	at scala.concurrent.impl.Promise$DefaultPromise.dispatchOrAddCallbacks(Promise.scala:276)
	at scala.concurrent.impl.Promise$DefaultPromise.map(Promise.scala:146)
	at scala.concurrent.Future$.apply(Future.scala:672)
	at munit.FunFixtures.munit$FunFixtures$FunFixture$$$_$apply$$anonfun$1(FunFixtures.scala:60)
	at munit.FunFixtures$FunFixture.test$$anonfun$1(FunFixtures.scala:33)
</failure>
                    </testcase><testcase classname="todo.TodoSuite" name="complete changes state to completed, if task is not already completed-1" time="0.001">
                      <failure message="scala.NotImplementedError: an implementation is missing" type="sbt.ForkMain$ForkError">sbt.ForkMain$ForkError: scala.NotImplementedError: an implementation is missing
	at scala.Predef$.$qmark$qmark$qmark(Predef.scala:345)
	at todo.PersistentModel$.clear(PersistentModel.scala:123)
	at todo.TodoSuite.makeModelFixture$$anonfun$1(TodoSuite.scala:22)
	at munit.FunFixtures.apply$$anonfun$3$$anonfun$1(FunFixtures.scala:60)
	at scala.concurrent.Future$.$anonfun$apply$1(Future.scala:672)
	at scala.concurrent.impl.Promise$Transformation.run(Promise.scala:431)
	at munit.Suite$$anon$1.execute(Suite.scala:26)
	at scala.concurrent.impl.Promise$Transformation.submitWithValue(Promise.scala:393)
	at scala.concurrent.impl.Promise$DefaultPromise.submitWithValue(Promise.scala:302)
	at scala.concurrent.impl.Promise$DefaultPromise.dispatchOrAddCallbacks(Promise.scala:276)
	at scala.concurrent.impl.Promise$DefaultPromise.map(Promise.scala:146)
	at scala.concurrent.Future$.apply(Future.scala:672)
	at munit.FunFixtures.munit$FunFixtures$FunFixture$$$_$apply$$anonfun$1(FunFixtures.scala:60)
	at munit.FunFixtures$FunFixture.test$$anonfun$1(FunFixtures.scala:33)
</failure>
                    </testcase><testcase classname="todo.TodoSuite" name="tags returns all tags-1" time="0.0">
                      <failure message="scala.NotImplementedError: an implementation is missing" type="sbt.ForkMain$ForkError">sbt.ForkMain$ForkError: scala.NotImplementedError: an implementation is missing
	at scala.Predef$.$qmark$qmark$qmark(Predef.scala:345)
	at todo.PersistentModel$.clear(PersistentModel.scala:123)
	at todo.TodoSuite.makeModelFixture$$anonfun$1(TodoSuite.scala:22)
	at munit.FunFixtures.apply$$anonfun$3$$anonfun$1(FunFixtures.scala:60)
	at scala.concurrent.Future$.$anonfun$apply$1(Future.scala:672)
	at scala.concurrent.impl.Promise$Transformation.run(Promise.scala:431)
	at munit.Suite$$anon$1.execute(Suite.scala:26)
	at scala.concurrent.impl.Promise$Transformation.submitWithValue(Promise.scala:393)
	at scala.concurrent.impl.Promise$DefaultPromise.submitWithValue(Promise.scala:302)
	at scala.concurrent.impl.Promise$DefaultPromise.dispatchOrAddCallbacks(Promise.scala:276)
	at scala.concurrent.impl.Promise$DefaultPromise.map(Promise.scala:146)
	at scala.concurrent.Future$.apply(Future.scala:672)
	at munit.FunFixtures.munit$FunFixtures$FunFixture$$$_$apply$$anonfun$1(FunFixtures.scala:60)
	at munit.FunFixtures$FunFixture.test$$anonfun$1(FunFixtures.scala:33)
</failure>
                    </testcase>
          <system-out><![CDATA[]]></system-out>
          <system-err><![CDATA[]]></system-err>
        </testsuite>